Release 14.7 - ngc2edif P.20131013 (nt)
Copyright (c) 1995-2013 Xilinx, Inc.  All rights reserved.
Reading design audio_process.ngc ...
WARNING:NetListWriters:298 - No output is written to audio_process.xncf,
   ignored.
Processing design ...
   Preping design's networks ...
   Preping design's macros ...
WARNING:NetListWriters:306 - Signal bus FREQ/max_frequency_mult0001<31 : 17> on
   block audio_process is not reconstructed, because there are some missing bus
   signals.
  finished :Prep
Writing EDIF netlist file audio_process.edif ...
ngc2edif: Total memory usage is 76072 kilobytes

Release 14.7 - ngc2edif P.20131013 (nt)
Copyright (c) 1995-2013 Xilinx, Inc.  All rights reserved.
Reading design fft_core.ngc ...
WARNING:NetListWriters:298 - No output is written to fft_core.xncf, ignored.
Processing design ...
   Preping design's networks ...
   Preping design's macros ...
  finished :Prep
Writing EDIF netlist file fft_core.edif ...
ngc2edif: Total memory usage is 76448 kilobytes

